[2017-11-24 15:14:03] name.INFO: (getRow)      "SHOW TABLES LIKE 'prefix\_Club'" [] []
[2017-11-24 15:14:03] name.INFO: (getResults)  "DESC `prefix_Club`" [] []
[2017-11-24 15:14:03] name.INFO: (getValues)   "SELECT DISTINCT `region` FROM prefix_Club" [] []
[2017-11-24 15:22:29] name.INFO: (getRow)      "SHOW TABLES LIKE 'prefix\_Club'" [] []
[2017-11-24 15:22:29] name.INFO: (getResults)  "DESC `prefix_Club`" [] []
[2017-11-24 15:22:29] name.INFO: (getValues)   "SELECT DISTINCT `region` FROM prefix_Club" [] []
[2017-11-24 15:22:37] name.INFO: (getRow)      "SHOW TABLES LIKE 'prefix\_Club'" [] []
[2017-11-24 15:22:37] name.INFO: (getResults)  "DESC `prefix_Club`" [] []
[2017-11-24 15:22:37] name.INFO: (getResults)  "SELECT * FROM prefix_Club AS Club       " [] []
[2017-11-24 15:22:53] name.INFO: (getRow)      "SHOW TABLES LIKE 'prefix\_Club'" [] []
[2017-11-24 15:22:53] name.INFO: (getResults)  "DESC `prefix_Club`" [] []
[2017-11-24 15:22:53] name.INFO: (getValues)   "SELECT DISTINCT `region` FROM prefix_Club" [] []
[2017-11-24 15:47:46] name.INFO: (getRow)      "SHOW TABLES LIKE 'prefix\_Region'" [] []
[2017-11-24 15:47:46] name.INFO: (getResults)  "DESC `prefix_Region`" [] []
[2017-11-24 15:47:46] name.INFO: (getResults)  "SELECT * FROM prefix_Region AS Region       " [] []
[2017-11-24 15:52:29] name.INFO: (getRow)      "SHOW TABLES LIKE 'prefix\_Region'" [] []
[2017-11-24 15:52:29] name.INFO: (getResults)  "DESC `prefix_Region`" [] []
[2017-11-24 15:52:29] name.INFO: (getResults)  "SELECT * FROM prefix_Region AS Region       " [] []
[2017-11-24 15:53:06] name.INFO: (getRow)      "SHOW TABLES LIKE 'prefix\_Region'" [] []
[2017-11-24 15:53:06] name.INFO: (getResults)  "DESC `prefix_Region`" [] []
[2017-11-24 15:53:06] name.INFO: (getResults)  "SELECT * FROM prefix_Region AS Region       " [] []
[2017-11-24 15:54:17] name.INFO: (getRow)      "SHOW TABLES LIKE 'prefix\_Region'" [] []
[2017-11-24 15:54:17] name.INFO: (getResults)  "DESC `prefix_Region`" [] []
[2017-11-24 15:54:17] name.INFO: (getResults)  "SELECT * FROM prefix_Region AS Region       " [] []
[2017-11-24 15:56:02] name.INFO: (getRow)      "SHOW TABLES LIKE 'prefix\_Region'" [] []
[2017-11-24 15:56:02] name.INFO: (getResults)  "DESC `prefix_Region`" [] []
[2017-11-24 15:56:02] name.INFO: (getResults)  "SELECT * FROM prefix_Region AS Region       " [] []
[2017-11-24 15:57:22] name.INFO: (getRow)      "SHOW TABLES LIKE 'prefix\_Region'" [] []
[2017-11-24 15:57:22] name.INFO: (getResults)  "DESC `prefix_Region`" [] []
[2017-11-24 15:57:22] name.INFO: (getResults)  "SELECT * FROM prefix_Region AS Region       " [] []
[2017-11-24 16:03:41] name.INFO: (getRow)      "SHOW TABLES LIKE 'prefix\_Region'" [] []
[2017-11-24 16:03:41] name.INFO: (getResults)  "DESC `prefix_Region`" [] []
[2017-11-24 16:03:41] name.INFO: (getResults)  "SELECT * FROM prefix_Region AS Region       " [] []
[2017-11-24 16:08:59] name.INFO: (getRow)      "SHOW TABLES LIKE 'prefix\_Club'" [] []
[2017-11-24 16:08:59] name.INFO: (getResults)  "DESC `prefix_Club`" [] []
[2017-11-24 16:08:59] name.INFO: (getResults)  "SELECT * FROM prefix_Club AS Club       " [] []
[2017-11-24 16:10:09] name.INFO: (getRow)      "SHOW TABLES LIKE 'prefix\_Club'" [] []
[2017-11-24 16:10:09] name.INFO: (getResults)  "DESC `prefix_Club`" [] []
[2017-11-24 16:10:09] name.INFO: (getResults)  "SELECT * FROM prefix_Club AS Club       " [] []
[2017-11-24 16:10:35] name.INFO: (getRow)      "SHOW TABLES LIKE 'prefix\_Region'" [] []
[2017-11-24 16:10:35] name.INFO: (getResults)  "DESC `prefix_Region`" [] []
[2017-11-24 16:10:35] name.INFO: (getResults)  "SELECT * FROM prefix_Region AS Region       " [] []
[2017-11-24 16:11:55] name.INFO: (getRow)      "SHOW TABLES LIKE 'prefix\_Region'" [] []
[2017-11-24 16:11:55] name.INFO: (getResults)  "DESC `prefix_Region`" [] []
[2017-11-24 16:11:55] name.INFO: (getResults)  "SELECT * FROM prefix_Region AS Region       " [] []
[2017-11-24 16:12:33] name.INFO: (getRow)      "SHOW TABLES LIKE 'prefix\_Region'" [] []
[2017-11-24 16:12:33] name.INFO: (getResults)  "DESC `prefix_Region`" [] []
[2017-11-24 16:12:33] name.INFO: (getResults)  "SELECT * FROM prefix_Region AS Region       " [] []
[2017-11-24 16:12:39] name.INFO: (getRow)      "SHOW TABLES LIKE 'prefix\_Region'" [] []
[2017-11-24 16:12:39] name.INFO: (getResults)  "DESC `prefix_Region`" [] []
[2017-11-24 16:12:39] name.INFO: (getResults)  "SELECT * FROM prefix_Region AS Region       " [] []
[2017-11-24 16:13:05] name.INFO: (getRow)      "SHOW TABLES LIKE 'prefix\_Region'" [] []
[2017-11-24 16:13:05] name.INFO: (getResults)  "DESC `prefix_Region`" [] []
[2017-11-24 16:13:05] name.INFO: (getResults)  "SELECT * FROM prefix_Region AS Region      ORDER BY name " [] []
[2017-11-24 16:16:20] name.INFO: (getRow)      "SHOW TABLES LIKE 'prefix\_Region'" [] []
[2017-11-24 16:16:20] name.INFO: (getResults)  "DESC `prefix_Region`" [] []
[2017-11-24 16:16:20] name.INFO: (getResults)  "SELECT * FROM prefix_Region AS Region      ORDER BY name " [] []
[2017-11-24 16:26:06] name.INFO: (getRow)      "SHOW TABLES LIKE 'prefix\_Club'" [] []
[2017-11-24 16:26:06] name.INFO: (getResults)  "DESC `prefix_Club`" [] []
[2017-11-24 16:26:06] name.INFO: (getResults)  "SELECT * FROM prefix_Club WHERE region = 'abruzzo'  " [] []
[2017-11-24 16:31:30] name.INFO: (getRow)      "SHOW TABLES LIKE 'prefix\_Club'" [] []
[2017-11-24 16:31:30] name.INFO: (getResults)  "DESC `prefix_Club`" [] []
[2017-11-24 16:31:30] name.INFO: (getResults)  "SELECT * FROM prefix_Club WHERE region = 'abruzzo'  " [] []
[2017-11-24 16:32:10] name.INFO: (getRow)      "SHOW TABLES LIKE 'prefix\_Club'" [] []
[2017-11-24 16:32:10] name.INFO: (getResults)  "DESC `prefix_Club`" [] []
[2017-11-24 16:32:10] name.INFO: (getResults)  "SELECT * FROM prefix_Club WHERE region = 'abruzzo'  " [] []
[2017-11-24 16:35:56] name.INFO: (getRow)      "SHOW TABLES LIKE 'prefix\_Club'" [] []
[2017-11-24 16:35:56] name.INFO: (getResults)  "DESC `prefix_Club`" [] []
[2017-11-24 16:35:56] name.INFO: (getResults)  "SELECT * FROM prefix_Club WHERE region = 'abruzzo'  " [] []
[2017-11-24 16:39:21] name.INFO: (getRow)      "SHOW TABLES LIKE 'prefix\_Club'" [] []
[2017-11-24 16:39:21] name.INFO: (getResults)  "DESC `prefix_Club`" [] []
[2017-11-24 16:39:21] name.INFO: (getResults)  "SELECT * FROM prefix_Club WHERE region = 'abruzzo'  " [] []
[2017-11-24 16:40:08] name.INFO: (getRow)      "SHOW TABLES LIKE 'prefix\_Club'" [] []
[2017-11-24 16:40:08] name.INFO: (getResults)  "DESC `prefix_Club`" [] []
[2017-11-24 16:40:08] name.INFO: (getResults)  "SELECT * FROM prefix_Club WHERE region = 'abruzzo'  " [] []
[2017-11-24 16:40:20] name.INFO: (getRow)      "SHOW TABLES LIKE 'prefix\_Club'" [] []
[2017-11-24 16:40:20] name.INFO: (getResults)  "DESC `prefix_Club`" [] []
[2017-11-24 16:40:20] name.INFO: (getResults)  "SELECT * FROM prefix_Club WHERE region = 'abruzzo'  " [] []
[2017-11-24 16:42:12] name.INFO: (getRow)      "SHOW TABLES LIKE 'prefix\_Region'" [] []
[2017-11-24 16:42:12] name.INFO: (getResults)  "DESC `prefix_Region`" [] []
[2017-11-24 16:42:12] name.INFO: (getResults)  "SELECT * FROM prefix_Region AS Region      ORDER BY name " [] []
[2017-11-24 16:44:42] name.INFO: (getRow)      "SHOW TABLES LIKE 'prefix\_Region'" [] []
[2017-11-24 16:44:42] name.INFO: (getResults)  "DESC `prefix_Region`" [] []
[2017-11-24 16:44:42] name.INFO: (getResults)  "SELECT * FROM prefix_Region AS Region      ORDER BY name " [] []
[2017-11-24 16:44:44] name.INFO: (getRow)      "SHOW TABLES LIKE 'prefix\_Region'" [] []
[2017-11-24 16:44:44] name.INFO: (getResults)  "DESC `prefix_Region`" [] []
[2017-11-24 16:44:44] name.INFO: (getResults)  "SELECT * FROM prefix_Region AS Region      ORDER BY name " [] []
[2017-11-24 16:45:45] name.INFO: (getRow)      "SHOW TABLES LIKE 'prefix\_Club'" [] []
[2017-11-24 16:45:45] name.INFO: (getResults)  "DESC `prefix_Club`" [] []
[2017-11-24 16:45:45] name.INFO: (getResults)  "SELECT * FROM prefix_Club WHERE region = 'alto-adige'  " [] []
[2017-11-24 16:46:01] name.INFO: (getRow)      "SHOW TABLES LIKE 'prefix\_Club'" [] []
[2017-11-24 16:46:01] name.INFO: (getResults)  "DESC `prefix_Club`" [] []
[2017-11-24 16:46:01] name.INFO: (getResults)  "SELECT * FROM prefix_Club WHERE region = 'alto-adige'  " [] []
[2017-11-24 16:46:01] name.INFO: (getRow)      "SHOW TABLES LIKE 'prefix\_Region'" [] []
[2017-11-24 16:46:01] name.INFO: (getResults)  "DESC `prefix_Region`" [] []
[2017-11-24 16:46:01] name.INFO: (getRow)      "SELECT Region.id, Region.name, Region.slug FROM prefix_Region AS Region  WHERE slug = :slug LIMIT 1" {"slug":"alto-adige"} []
[2017-11-24 16:47:32] name.INFO: (getRow)      "SHOW TABLES LIKE 'prefix\_Club'" [] []
[2017-11-24 16:47:32] name.INFO: (getResults)  "DESC `prefix_Club`" [] []
[2017-11-24 16:47:32] name.INFO: (getResults)  "SELECT * FROM prefix_Club WHERE region = 'alto-adige'  " [] []
[2017-11-24 16:47:32] name.INFO: (getRow)      "SHOW TABLES LIKE 'prefix\_Region'" [] []
[2017-11-24 16:47:32] name.INFO: (getResults)  "DESC `prefix_Region`" [] []
[2017-11-24 16:47:32] name.INFO: (getRow)      "SELECT Region.id, Region.name, Region.slug FROM prefix_Region AS Region  WHERE slug = :slug LIMIT 1" {"slug":"alto-adige"} []
[2017-11-24 16:47:37] name.INFO: (getRow)      "SHOW TABLES LIKE 'prefix\_Region'" [] []
[2017-11-24 16:47:37] name.INFO: (getResults)  "DESC `prefix_Region`" [] []
[2017-11-24 16:47:37] name.INFO: (getResults)  "SELECT * FROM prefix_Region AS Region      ORDER BY name " [] []
[2017-11-24 16:47:40] name.INFO: (getRow)      "SHOW TABLES LIKE 'prefix\_Club'" [] []
[2017-11-24 16:47:40] name.INFO: (getResults)  "DESC `prefix_Club`" [] []
[2017-11-24 16:47:40] name.INFO: (getResults)  "SELECT * FROM prefix_Club WHERE region = 'abruzzo'  " [] []
[2017-11-24 16:47:40] name.INFO: (getRow)      "SHOW TABLES LIKE 'prefix\_Region'" [] []
[2017-11-24 16:47:40] name.INFO: (getResults)  "DESC `prefix_Region`" [] []
[2017-11-24 16:47:40] name.INFO: (getRow)      "SELECT Region.id, Region.name, Region.slug FROM prefix_Region AS Region  WHERE slug = :slug LIMIT 1" {"slug":"abruzzo"} []
[2017-11-24 16:51:28] name.INFO: (getRow)      "SHOW TABLES LIKE 'prefix\_Club'" [] []
[2017-11-24 16:51:28] name.INFO: (getResults)  "DESC `prefix_Club`" [] []
[2017-11-24 16:51:28] name.INFO: (getResults)  "SELECT * FROM prefix_Club WHERE region = 'abruzzo'  " [] []
[2017-11-24 16:51:28] name.INFO: (getRow)      "SHOW TABLES LIKE 'prefix\_Region'" [] []
[2017-11-24 16:51:28] name.INFO: (getResults)  "DESC `prefix_Region`" [] []
[2017-11-24 16:51:28] name.INFO: (getRow)      "SELECT Region.id, Region.name, Region.slug FROM prefix_Region AS Region  WHERE slug = :slug LIMIT 1" {"slug":"abruzzo"} []
[2017-11-24 16:51:30] name.INFO: (getRow)      "SHOW TABLES LIKE 'prefix\_Club'" [] []
[2017-11-24 16:51:30] name.INFO: (getResults)  "DESC `prefix_Club`" [] []
[2017-11-24 16:51:30] name.INFO: (getResults)  "SELECT * FROM prefix_Club WHERE region = 'abruzzo'  " [] []
[2017-11-24 16:51:30] name.INFO: (getRow)      "SHOW TABLES LIKE 'prefix\_Region'" [] []
[2017-11-24 16:51:30] name.INFO: (getResults)  "DESC `prefix_Region`" [] []
[2017-11-24 16:51:30] name.INFO: (getRow)      "SELECT Region.id, Region.name, Region.slug FROM prefix_Region AS Region  WHERE slug = :slug LIMIT 1" {"slug":"abruzzo"} []
[2017-11-24 16:59:50] name.INFO: (getRow)      "SHOW TABLES LIKE 'prefix\_Club'" [] []
[2017-11-24 16:59:50] name.INFO: (getResults)  "DESC `prefix_Club`" [] []
[2017-11-24 16:59:50] name.INFO: (getResults)  "SELECT * FROM prefix_Club WHERE region = 'abruzzo'  " [] []
[2017-11-24 16:59:50] name.INFO: (getRow)      "SHOW TABLES LIKE 'prefix\_Region'" [] []
[2017-11-24 16:59:50] name.INFO: (getResults)  "DESC `prefix_Region`" [] []
[2017-11-24 16:59:50] name.INFO: (getRow)      "SELECT Region.id, Region.name, Region.slug FROM prefix_Region AS Region  WHERE slug = :slug LIMIT 1" {"slug":"abruzzo"} []
[2017-11-24 16:59:54] name.INFO: (getRow)      "SHOW TABLES LIKE 'prefix\_Region'" [] []
[2017-11-24 16:59:54] name.INFO: (getResults)  "DESC `prefix_Region`" [] []
[2017-11-24 16:59:54] name.INFO: (getResults)  "SELECT * FROM prefix_Region AS Region      ORDER BY name " [] []
[2017-11-24 17:00:04] name.INFO: (getRow)      "SHOW TABLES LIKE 'prefix\_Club'" [] []
[2017-11-24 17:00:04] name.INFO: (getResults)  "DESC `prefix_Club`" [] []
[2017-11-24 17:00:04] name.INFO: (getResults)  "SELECT * FROM prefix_Club WHERE region = 'alto-adige'  " [] []
[2017-11-24 17:00:04] name.INFO: (getRow)      "SHOW TABLES LIKE 'prefix\_Region'" [] []
[2017-11-24 17:00:04] name.INFO: (getResults)  "DESC `prefix_Region`" [] []
[2017-11-24 17:00:04] name.INFO: (getRow)      "SELECT Region.id, Region.name, Region.slug FROM prefix_Region AS Region  WHERE slug = :slug LIMIT 1" {"slug":"alto-adige"} []
[2017-11-24 17:00:08] name.INFO: (getRow)      "SHOW TABLES LIKE 'prefix\_Region'" [] []
[2017-11-24 17:00:08] name.INFO: (getResults)  "DESC `prefix_Region`" [] []
[2017-11-24 17:00:08] name.INFO: (getResults)  "SELECT * FROM prefix_Region AS Region      ORDER BY name " [] []
[2017-11-24 17:00:14] name.INFO: (getRow)      "SHOW TABLES LIKE 'prefix\_Region'" [] []
[2017-11-24 17:00:14] name.INFO: (getResults)  "DESC `prefix_Region`" [] []
[2017-11-24 17:00:14] name.INFO: (getResults)  "SELECT * FROM prefix_Region AS Region      ORDER BY name " [] []
[2017-11-24 17:00:25] name.INFO: (getRow)      "SHOW TABLES LIKE 'prefix\_Club'" [] []
[2017-11-24 17:00:25] name.INFO: (getResults)  "DESC `prefix_Club`" [] []
[2017-11-24 17:00:25] name.INFO: (getResults)  "SELECT * FROM prefix_Club WHERE region = 'lazio'  " [] []
[2017-11-24 17:00:25] name.INFO: (getRow)      "SHOW TABLES LIKE 'prefix\_Region'" [] []
[2017-11-24 17:00:25] name.INFO: (getResults)  "DESC `prefix_Region`" [] []
[2017-11-24 17:00:25] name.INFO: (getRow)      "SELECT Region.id, Region.name, Region.slug FROM prefix_Region AS Region  WHERE slug = :slug LIMIT 1" {"slug":"lazio"} []
[2017-11-24 17:00:45] name.INFO: (getRow)      "SHOW TABLES LIKE 'prefix\_Region'" [] []
[2017-11-24 17:00:45] name.INFO: (getResults)  "DESC `prefix_Region`" [] []
[2017-11-24 17:00:45] name.INFO: (getResults)  "SELECT * FROM prefix_Region AS Region      ORDER BY name " [] []
[2017-11-24 17:01:45] name.INFO: (getRow)      "SHOW TABLES LIKE 'prefix\_Club'" [] []
[2017-11-24 17:01:45] name.INFO: (getResults)  "DESC `prefix_Club`" [] []
[2017-11-24 17:01:45] name.INFO: (getResults)  "SELECT * FROM prefix_Club WHERE region = 'sicilia'  " [] []
[2017-11-24 17:01:46] name.INFO: (getRow)      "SHOW TABLES LIKE 'prefix\_Region'" [] []
[2017-11-24 17:01:46] name.INFO: (getResults)  "DESC `prefix_Region`" [] []
[2017-11-24 17:01:46] name.INFO: (getRow)      "SELECT Region.id, Region.name, Region.slug FROM prefix_Region AS Region  WHERE slug = :slug LIMIT 1" {"slug":"sicilia"} []
